2025-07-07T14:54:00.739+05:30  INFO 17120 --- [main] c.s.s.StudmanagementApplication          : Starting StudmanagementApplication using Java 17.0.10 with PID 17120 (D:\Om_Daudia\studentmanagingsystem\target\classes started by dell in D:\Om_Daudia\studentmanagingsystem)
2025-07-07T14:54:00.745+05:30  INFO 17120 --- [main] c.s.s.StudmanagementApplication          : No active profile set, falling back to 1 default profile: "default"
2025-07-07T14:54:01.739+05:30  INFO 17120 --- [main] .s.d.r.c.RepositoryConfigurationDelegate : Bootstrapping Spring Data JPA repositories in DEFAULT mode.
2025-07-07T14:54:01.850+05:30  INFO 17120 --- [main] .s.d.r.c.RepositoryConfigurationDelegate : Finished Spring Data repository scanning in 94 ms. Found 7 JPA repository interfaces.
2025-07-07T14:54:03.357+05:30  INFO 17120 --- [main] o.s.b.w.embedded.tomcat.TomcatWebServer  : Tomcat initialized with port 8080 (http)
2025-07-07T14:54:03.378+05:30  INFO 17120 --- [main] o.apache.catalina.core.StandardService   : Starting service [Tomcat]
2025-07-07T14:54:03.380+05:30  INFO 17120 --- [main] o.apache.catalina.core.StandardEngine    : Starting Servlet engine: [Apache Tomcat/10.1.41]
2025-07-07T14:54:03.532+05:30  INFO 17120 --- [main] o.a.c.c.C.[Tomcat].[localhost].[/]       : Initializing Spring embedded WebApplicationContext
2025-07-07T14:54:03.535+05:30  INFO 17120 --- [main] w.s.c.ServletWebServerApplicationContext : Root WebApplicationContext: initialization completed in 2664 ms
2025-07-07T14:54:04.065+05:30  INFO 17120 --- [main] com.zaxxer.hikari.HikariDataSource       : HikariPool-1 - Starting...
2025-07-07T14:54:04.362+05:30  INFO 17120 --- [main] com.zaxxer.hikari.pool.HikariPool        : HikariPool-1 - Added connection org.postgresql.jdbc.PgConnection@7b96de8d
2025-07-07T14:54:04.365+05:30  INFO 17120 --- [main] com.zaxxer.hikari.HikariDataSource       : HikariPool-1 - Start completed.
2025-07-07T14:54:04.433+05:30  INFO 17120 --- [main] org.flywaydb.core.FlywayExecutor         : Database: jdbc:postgresql://localhost:5432/studentmanaging (PostgreSQL 16.2)
2025-07-07T14:54:04.560+05:30  INFO 17120 --- [main] o.f.core.internal.command.DbValidate     : Successfully validated 11 migrations (execution time 00:00.082s)
2025-07-07T14:54:04.654+05:30  INFO 17120 --- [main] o.f.core.internal.command.DbMigrate      : Current version of schema "public": 11
2025-07-07T14:54:04.655+05:30  WARN 17120 --- [main] o.f.core.internal.command.DbMigrate      : outOfOrder mode is active. Migration of schema "public" may not be reproducible.
2025-07-07T14:54:04.667+05:30  INFO 17120 --- [main] o.f.core.internal.command.DbMigrate      : Schema "public" is up to date. No migration necessary.
2025-07-07T14:54:04.844+05:30  INFO 17120 --- [main] o.hibernate.jpa.internal.util.LogHelper  : HHH000204: Processing PersistenceUnitInfo [name: default]
2025-07-07T14:54:04.967+05:30  INFO 17120 --- [main] org.hibernate.Version                    : HHH000412: Hibernate ORM core version 6.6.15.Final
2025-07-07T14:54:05.033+05:30  INFO 17120 --- [main] o.h.c.internal.RegionFactoryInitiator    : HHH000026: Second-level cache disabled
2025-07-07T14:54:05.848+05:30  INFO 17120 --- [main] o.s.o.j.p.SpringPersistenceUnitInfo      : No LoadTimeWeaver setup: ignoring JPA class transformer
2025-07-07T14:54:06.039+05:30  INFO 17120 --- [main] org.hibernate.orm.connections.pooling    : HHH10001005: Database info:
	Database JDBC URL [Connecting through datasource 'HikariDataSource (HikariPool-1)']
	Database driver: undefined/unknown
	Database version: 16.2
	Autocommit mode: undefined/unknown
	Isolation level: undefined/unknown
	Minimum pool size: undefined/unknown
	Maximum pool size: undefined/unknown
2025-07-07T14:54:07.229+05:30  INFO 17120 --- [main] o.h.m.i.EntityInstantiatorPojoStandard   : HHH000182: No default (no-argument) constructor for class: com.students.studmanagement.entity.ScheduleTopThreeStandard (class must be instantiated by Interceptor)
2025-07-07T14:54:07.542+05:30  INFO 17120 --- [main] o.h.e.t.j.p.i.JtaPlatformInitiator       : HHH000489: No JTA platform available (set 'hibernate.transaction.jta.platform' to enable JTA platform integration)
2025-07-07T14:54:07.546+05:30  INFO 17120 --- [main] j.LocalContainerEntityManagerFactoryBean : Initialized JPA EntityManagerFactory for persistence unit 'default'
2025-07-07T14:54:08.435+05:30  INFO 17120 --- [main] eAuthenticationProviderManagerConfigurer : Global AuthenticationManager configured with AuthenticationProvider bean with name authenticationProvider
2025-07-07T14:54:08.436+05:30  WARN 17120 --- [main] r$InitializeUserDetailsManagerConfigurer : Global AuthenticationManager configured with an AuthenticationProvider bean. UserDetailsService beans will not be used by Spring Security for automatically configuring username/password login. Consider removing the AuthenticationProvider bean. Alternatively, consider using the UserDetailsService in a manually instantiated DaoAuthenticationProvider. If the current configuration is intentional, to turn off this warning, increase the logging level of 'org.springframework.security.config.annotation.authentication.configuration.InitializeUserDetailsBeanManagerConfigurer' to ERROR
2025-07-07T14:54:08.535+05:30  WARN 17120 --- [main] JpaBaseConfiguration$JpaWebConfiguration : spring.jpa.open-in-view is enabled by default. Therefore, database queries may be performed during view rendering. Explicitly configure spring.jpa.open-in-view to disable this warning
2025-07-07T14:54:09.371+05:30  INFO 17120 --- [main] o.s.b.w.embedded.tomcat.TomcatWebServer  : Tomcat started on port 8080 (http) with context path '/'
2025-07-07T14:54:09.388+05:30  INFO 17120 --- [main] c.s.s.StudmanagementApplication          : Started StudmanagementApplication in 9.492 seconds (process running for 10.108)
2025-07-07T14:57:50.739+05:30  INFO 17120 --- [SpringApplicationShutdownHook] o.s.b.w.e.tomcat.GracefulShutdown        : Commencing graceful shutdown. Waiting for active requests to complete
2025-07-07T14:57:50.922+05:30  INFO 17120 --- [tomcat-shutdown] o.s.b.w.e.tomcat.GracefulShutdown        : Graceful shutdown complete
2025-07-07T14:57:50.928+05:30  INFO 17120 --- [SpringApplicationShutdownHook] j.LocalContainerEntityManagerFactoryBean : Closing JPA EntityManagerFactory for persistence unit 'default'
2025-07-07T14:57:50.931+05:30  INFO 17120 --- [SpringApplicationShutdownHook] com.zaxxer.hikari.HikariDataSource       : HikariPool-1 - Shutdown initiated...
2025-07-07T14:57:50.944+05:30  INFO 17120 --- [SpringApplicationShutdownHook] com.zaxxer.hikari.HikariDataSource       : HikariPool-1 - Shutdown completed.
