2025-07-07T19:40:49.008+05:30  INFO 17488 --- [main] c.s.s.StudmanagementApplication          : Starting StudmanagementApplication using Java 17.0.10 with PID 17488 (D:\Om_Daudia\studentmanagingsystem\target\classes started by dell in D:\Om_Daudia\studentmanagingsystem)
2025-07-07T19:40:49.013+05:30  INFO 17488 --- [main] c.s.s.StudmanagementApplication          : No active profile set, falling back to 1 default profile: "default"
2025-07-07T19:40:49.968+05:30  INFO 17488 --- [main] .s.d.r.c.RepositoryConfigurationDelegate : Bootstrapping Spring Data JPA repositories in DEFAULT mode.
2025-07-07T19:40:50.070+05:30  INFO 17488 --- [main] .s.d.r.c.RepositoryConfigurationDelegate : Finished Spring Data repository scanning in 86 ms. Found 7 JPA repository interfaces.
2025-07-07T19:40:51.563+05:30  INFO 17488 --- [main] o.s.b.w.embedded.tomcat.TomcatWebServer  : Tomcat initialized with port 8080 (http)
2025-07-07T19:40:51.582+05:30  INFO 17488 --- [main] o.apache.catalina.core.StandardService   : Starting service [Tomcat]
2025-07-07T19:40:51.583+05:30  INFO 17488 --- [main] o.apache.catalina.core.StandardEngine    : Starting Servlet engine: [Apache Tomcat/10.1.41]
2025-07-07T19:40:51.675+05:30  INFO 17488 --- [main] o.a.c.c.C.[Tomcat].[localhost].[/]       : Initializing Spring embedded WebApplicationContext
2025-07-07T19:40:51.676+05:30  INFO 17488 --- [main] w.s.c.ServletWebServerApplicationContext : Root WebApplicationContext: initialization completed in 2533 ms
2025-07-07T19:40:52.105+05:30  INFO 17488 --- [main] com.zaxxer.hikari.HikariDataSource       : HikariPool-1 - Starting...
2025-07-07T19:40:52.378+05:30  INFO 17488 --- [main] com.zaxxer.hikari.pool.HikariPool        : HikariPool-1 - Added connection org.postgresql.jdbc.PgConnection@5438fa43
2025-07-07T19:40:52.381+05:30  INFO 17488 --- [main] com.zaxxer.hikari.HikariDataSource       : HikariPool-1 - Start completed.
2025-07-07T19:40:52.424+05:30  INFO 17488 --- [main] org.flywaydb.core.FlywayExecutor         : Database: jdbc:postgresql://localhost:5432/studentmanaging (PostgreSQL 16.2)
2025-07-07T19:40:52.568+05:30  INFO 17488 --- [main] o.f.core.internal.command.DbValidate     : Successfully validated 11 migrations (execution time 00:00.098s)
2025-07-07T19:40:52.683+05:30  INFO 17488 --- [main] o.f.core.internal.command.DbMigrate      : Current version of schema "public": 11
2025-07-07T19:40:52.683+05:30  WARN 17488 --- [main] o.f.core.internal.command.DbMigrate      : outOfOrder mode is active. Migration of schema "public" may not be reproducible.
2025-07-07T19:40:52.688+05:30  INFO 17488 --- [main] o.f.core.internal.command.DbMigrate      : Schema "public" is up to date. No migration necessary.
2025-07-07T19:40:52.875+05:30  INFO 17488 --- [main] o.hibernate.jpa.internal.util.LogHelper  : HHH000204: Processing PersistenceUnitInfo [name: default]
2025-07-07T19:40:52.990+05:30  INFO 17488 --- [main] org.hibernate.Version                    : HHH000412: Hibernate ORM core version 6.6.15.Final
2025-07-07T19:40:53.051+05:30  INFO 17488 --- [main] o.h.c.internal.RegionFactoryInitiator    : HHH000026: Second-level cache disabled
2025-07-07T19:40:53.611+05:30  INFO 17488 --- [main] o.s.o.j.p.SpringPersistenceUnitInfo      : No LoadTimeWeaver setup: ignoring JPA class transformer
2025-07-07T19:40:53.752+05:30  INFO 17488 --- [main] org.hibernate.orm.connections.pooling    : HHH10001005: Database info:
	Database JDBC URL [Connecting through datasource 'HikariDataSource (HikariPool-1)']
	Database driver: undefined/unknown
	Database version: 16.2
	Autocommit mode: undefined/unknown
	Isolation level: undefined/unknown
	Minimum pool size: undefined/unknown
	Maximum pool size: undefined/unknown
2025-07-07T19:40:54.919+05:30  INFO 17488 --- [main] o.h.m.i.EntityInstantiatorPojoStandard   : HHH000182: No default (no-argument) constructor for class: com.students.studmanagement.entity.ScheduleTopThreeStandard (class must be instantiated by Interceptor)
2025-07-07T19:40:55.267+05:30  INFO 17488 --- [main] o.h.e.t.j.p.i.JtaPlatformInitiator       : HHH000489: No JTA platform available (set 'hibernate.transaction.jta.platform' to enable JTA platform integration)
2025-07-07T19:40:55.273+05:30  INFO 17488 --- [main] j.LocalContainerEntityManagerFactoryBean : Initialized JPA EntityManagerFactory for persistence unit 'default'
2025-07-07T19:40:56.213+05:30  INFO 17488 --- [main] eAuthenticationProviderManagerConfigurer : Global AuthenticationManager configured with AuthenticationProvider bean with name authenticationProvider
2025-07-07T19:40:56.214+05:30  WARN 17488 --- [main] r$InitializeUserDetailsManagerConfigurer : Global AuthenticationManager configured with an AuthenticationProvider bean. UserDetailsService beans will not be used by Spring Security for automatically configuring username/password login. Consider removing the AuthenticationProvider bean. Alternatively, consider using the UserDetailsService in a manually instantiated DaoAuthenticationProvider. If the current configuration is intentional, to turn off this warning, increase the logging level of 'org.springframework.security.config.annotation.authentication.configuration.InitializeUserDetailsBeanManagerConfigurer' to ERROR
2025-07-07T19:40:56.381+05:30  WARN 17488 --- [main] JpaBaseConfiguration$JpaWebConfiguration : spring.jpa.open-in-view is enabled by default. Therefore, database queries may be performed during view rendering. Explicitly configure spring.jpa.open-in-view to disable this warning
2025-07-07T19:40:58.505+05:30  INFO 17488 --- [main] o.s.b.w.embedded.tomcat.TomcatWebServer  : Tomcat started on port 8080 (http) with context path '/'
2025-07-07T19:40:58.557+05:30  INFO 17488 --- [main] c.s.s.StudmanagementApplication          : Started StudmanagementApplication in 10.619 seconds (process running for 11.228)
2025-07-07T19:42:18.922+05:30  INFO 17488 --- [http-nio-8080-exec-2] o.a.c.c.C.[Tomcat].[localhost].[/]       : Initializing Spring DispatcherServlet 'dispatcherServlet'
2025-07-07T19:42:18.923+05:30  INFO 17488 --- [http-nio-8080-exec-2] o.s.web.servlet.DispatcherServlet        : Initializing Servlet 'dispatcherServlet'
2025-07-07T19:42:18.925+05:30  INFO 17488 --- [http-nio-8080-exec-2] o.s.web.servlet.DispatcherServlet        : Completed initialization in 2 ms
2025-07-07T19:42:52.850+05:30  WARN 17488 --- [http-nio-8080-exec-4] .w.s.m.s.DefaultHandlerExceptionResolver : Resolved [org.springframework.web.HttpRequestMethodNotSupportedException: Request method 'POST' is not supported]
2025-07-07T19:43:01.530+05:30  WARN 17488 --- [http-nio-8080-exec-5] .w.s.m.s.DefaultHandlerExceptionResolver : Resolved [org.springframework.web.HttpRequestMethodNotSupportedException: Request method 'POST' is not supported]
2025-07-07T19:43:12.251+05:30  WARN 17488 --- [http-nio-8080-exec-6] .w.s.m.s.DefaultHandlerExceptionResolver : Resolved [org.springframework.web.HttpRequestMethodNotSupportedException: Request method 'POST' is not supported]
2025-07-07T19:43:36.632+05:30  INFO 17488 --- [http-nio-8080-exec-7] c.s.s.service.SchoolService              : execute getSchoolById with schoolId : 10
2025-07-07T19:43:36.694+05:30 DEBUG 17488 --- [http-nio-8080-exec-7] c.s.s.service.SchoolService              : school com.students.studmanagement.dto.SchoolResponseDTO@14489c20
2025-07-07T19:43:36.696+05:30  INFO 17488 --- [http-nio-8080-exec-7] c.s.s.service.SchoolService              : school found with schoolId 10 and return with SchoolResponseDTO
2025-07-07T19:48:52.550+05:30  INFO 17488 --- [SpringApplicationShutdownHook] o.s.b.w.e.tomcat.GracefulShutdown        : Commencing graceful shutdown. Waiting for active requests to complete
2025-07-07T19:48:52.734+05:30  INFO 17488 --- [tomcat-shutdown] o.s.b.w.e.tomcat.GracefulShutdown        : Graceful shutdown complete
2025-07-07T19:48:52.739+05:30  INFO 17488 --- [SpringApplicationShutdownHook] j.LocalContainerEntityManagerFactoryBean : Closing JPA EntityManagerFactory for persistence unit 'default'
2025-07-07T19:48:52.741+05:30  INFO 17488 --- [SpringApplicationShutdownHook] com.zaxxer.hikari.HikariDataSource       : HikariPool-1 - Shutdown initiated...
2025-07-07T19:48:52.764+05:30  INFO 17488 --- [SpringApplicationShutdownHook] com.zaxxer.hikari.HikariDataSource       : HikariPool-1 - Shutdown completed.
