INFO 2025-07-16 10:40:29 com.studentmanagement.StudentmanagementApplication Starting StudmanagementApplication using Java 17.0.10 with PID 13884 (D:\Om_Daudia\studentmanagingsystem\target\classes started by dell in D:\Om_Daudia\studentmanagingsystem)
INFO 2025-07-16 10:40:29 com.studentmanagement.StudentmanagementApplication No active profile set, falling back to 1 default profile: "default"
INFO 2025-07-16 10:40:31 org.springframework.data.repository.config.RepositoryConfigurationDelegate Bootstrapping Spring Data JPA repositories in DEFAULT mode.
INFO 2025-07-16 10:40:32 org.springframework.data.repository.config.RepositoryConfigurationDelegate Finished Spring Data repository scanning in 146 ms. Found 7 JPA repository interfaces.
INFO 2025-07-16 10:40:33 org.springframework.cloud.context.scope.GenericScope BeanFactory id=f4ac7979-632c-38a1-b3cb-6d9db80ad103
INFO 2025-07-16 10:40:34 org.springframework.boot.web.embedded.tomcat.TomcatWebServer Tomcat initialized with port 8080 (http)
INFO 2025-07-16 10:40:34 org.apache.coyote.http11.Http11NioProtocol Initializing ProtocolHandler ["http-nio-8080"]
INFO 2025-07-16 10:40:34 org.apache.catalina.core.StandardService Starting service [Tomcat]
INFO 2025-07-16 10:40:34 org.apache.catalina.core.StandardEngine Starting Servlet engine: [Apache Tomcat/10.1.41]
INFO 2025-07-16 10:40:34 org.apache.catalina.core.ContainerBase.[Tomcat].[localhost].[/] Initializing Spring embedded WebApplicationContext
INFO 2025-07-16 10:40:34 org.springframework.boot.web.servlet.context.ServletWebServerApplicationContext Root WebApplicationContext: initialization completed in 4607 ms
INFO 2025-07-16 10:40:35 com.zaxxer.hikari.HikariDataSource HikariPool-1 - Starting...
INFO 2025-07-16 10:40:36 com.zaxxer.hikari.pool.HikariPool HikariPool-1 - Added connection org.postgresql.jdbc.PgConnection@2de3b052
INFO 2025-07-16 10:40:36 com.zaxxer.hikari.HikariDataSource HikariPool-1 - Start completed.
INFO 2025-07-16 10:40:36 org.flywaydb.core.FlywayExecutor Database: jdbc:postgresql://localhost:5432/studentmanaging (PostgreSQL 16.2)
INFO 2025-07-16 10:40:36 org.flywaydb.core.internal.command.DbValidate Successfully validated 11 migrations (execution time 00:00.081s)
INFO 2025-07-16 10:40:36 org.flywaydb.core.internal.command.DbMigrate Current version of schema "public": 11
WARN 2025-07-16 10:40:36 org.flywaydb.core.internal.command.DbMigrate outOfOrder mode is active. Migration of schema "public" may not be reproducible.
INFO 2025-07-16 10:40:36 org.flywaydb.core.internal.command.DbMigrate Schema "public" is up to date. No migration necessary.
INFO 2025-07-16 10:40:36 org.hibernate.jpa.internal.util.LogHelper HHH000204: Processing PersistenceUnitInfo [name: default]
INFO 2025-07-16 10:40:36 org.hibernate.Version HHH000412: Hibernate ORM core version 6.6.15.Final
INFO 2025-07-16 10:40:37 org.hibernate.cache.internal.RegionFactoryInitiator HHH000026: Second-level cache disabled
INFO 2025-07-16 10:40:37 org.springframework.orm.jpa.persistenceunit.SpringPersistenceUnitInfo No LoadTimeWeaver setup: ignoring JPA class transformer
INFO 2025-07-16 10:40:38 org.hibernate.orm.connections.pooling HHH10001005: Database info:
	Database JDBC URL [Connecting through datasource 'HikariDataSource (HikariPool-1)']
	Database driver: undefined/unknown
	Database version: 16.2
	Autocommit mode: undefined/unknown
	Isolation level: undefined/unknown
	Minimum pool size: undefined/unknown
	Maximum pool size: undefined/unknown
INFO 2025-07-16 10:40:40 org.hibernate.metamodel.internal.EntityInstantiatorPojoStandard HHH000182: No default (no-argument) constructor for class: entity.com.studentmanagement.ScheduleTopThreeStandard (class must be instantiated by Interceptor)
INFO 2025-07-16 10:40:40 org.hibernate.engine.transaction.jta.platform.internal.JtaPlatformInitiator HHH000489: No JTA platform available (set 'hibernate.transaction.jta.platform' to enable JTA platform integration)
INFO 2025-07-16 10:40:40 org.springframework.orm.jpa.LocalContainerEntityManagerFactoryBean Initialized JPA EntityManagerFactory for persistence unit 'default'
INFO 2025-07-16 10:40:42 org.springframework.security.config.annotation.authentication.configuration.InitializeAuthenticationProviderBeanManagerConfigurer$InitializeAuthenticationProviderManagerConfigurer Global AuthenticationManager configured with AuthenticationProvider bean with name authenticationProvider
WARN 2025-07-16 10:40:42 org.springframework.security.config.annotation.authentication.configuration.InitializeUserDetailsBeanManagerConfigurer$InitializeUserDetailsManagerConfigurer Global AuthenticationManager configured with an AuthenticationProvider bean. UserDetailsService beans will not be used by Spring Security for automatically configuring username/password login. Consider removing the AuthenticationProvider bean. Alternatively, consider using the UserDetailsService in a manually instantiated DaoAuthenticationProvider. If the current configuration is intentional, to turn off this warning, increase the logging level of 'org.springframework.security.config.annotation.authentication.configuration.InitializeUserDetailsBeanManagerConfigurer' to ERROR
WARN 2025-07-16 10:40:42 org.springframework.boot.autoconfigure.orm.jpa.JpaBaseConfiguration$JpaWebConfiguration spring.jpa.open-in-view is enabled by default. Therefore, database queries may be performed during view rendering. Explicitly configure spring.jpa.open-in-view to disable this warning
INFO 2025-07-16 10:40:45 org.apache.coyote.http11.Http11NioProtocol Starting ProtocolHandler ["http-nio-8080"]
INFO 2025-07-16 10:40:45 org.springframework.boot.web.embedded.tomcat.TomcatWebServer Tomcat started on port 8080 (http) with context path '/'
INFO 2025-07-16 10:40:45 com.studentmanagement.StudentmanagementApplication Started StudmanagementApplication in 17.151 seconds (process running for 19.454)
WARN 2025-07-16 11:17:57 com.zaxxer.hikari.pool.HikariPool HikariPool-1 - Thread starvation or clock leap detected (housekeeper delta=3m57s62ms5µs500ns).
INFO 2025-07-16 11:26:17 org.apache.catalina.core.ContainerBase.[Tomcat].[localhost].[/] Initializing Spring DispatcherServlet 'dispatcherServlet'
INFO 2025-07-16 11:26:17 org.springframework.web.servlet.DispatcherServlet Initializing Servlet 'dispatcherServlet'
INFO 2025-07-16 11:26:17 org.springframework.web.servlet.DispatcherServlet Completed initialization in 2 ms
INFO 2025-07-16 12:05:42 org.springframework.boot.web.embedded.tomcat.GracefulShutdown Commencing graceful shutdown. Waiting for active requests to complete
INFO 2025-07-16 12:05:42 org.springframework.boot.web.embedded.tomcat.GracefulShutdown Graceful shutdown complete
INFO 2025-07-16 12:05:42 org.springframework.orm.jpa.LocalContainerEntityManagerFactoryBean Closing JPA EntityManagerFactory for persistence unit 'default'
INFO 2025-07-16 12:05:42 com.zaxxer.hikari.HikariDataSource HikariPool-1 - Shutdown initiated...
INFO 2025-07-16 12:05:42 com.zaxxer.hikari.HikariDataSource HikariPool-1 - Shutdown completed.
