INFO 2025-07-15 11:29:38 com.students.studmanagement.StudmanagementApplication Starting StudmanagementApplication using Java 17.0.10 with PID 2932 (D:\Om_Daudia\studentmanagingsystem\target\classes started by dell in D:\Om_Daudia\studentmanagingsystem)
INFO 2025-07-15 11:29:38 com.students.studmanagement.StudmanagementApplication No active profile set, falling back to 1 default profile: "default"
INFO 2025-07-15 11:29:40 org.springframework.data.repository.config.RepositoryConfigurationDelegate Bootstrapping Spring Data JPA repositories in DEFAULT mode.
INFO 2025-07-15 11:29:40 org.springframework.data.repository.config.RepositoryConfigurationDelegate Finished Spring Data repository scanning in 106 ms. Found 7 JPA repository interfaces.
INFO 2025-07-15 11:29:41 org.springframework.cloud.context.scope.GenericScope BeanFactory id=f4ac7979-632c-38a1-b3cb-6d9db80ad103
INFO 2025-07-15 11:29:41 org.springframework.boot.web.embedded.tomcat.TomcatWebServer Tomcat initialized with port 8080 (http)
INFO 2025-07-15 11:29:41 org.apache.coyote.http11.Http11NioProtocol Initializing ProtocolHandler ["http-nio-8080"]
INFO 2025-07-15 11:29:41 org.apache.catalina.core.StandardService Starting service [Tomcat]
INFO 2025-07-15 11:29:41 org.apache.catalina.core.StandardEngine Starting Servlet engine: [Apache Tomcat/10.1.41]
INFO 2025-07-15 11:29:42 org.apache.catalina.core.ContainerBase.[Tomcat].[localhost].[/] Initializing Spring embedded WebApplicationContext
INFO 2025-07-15 11:29:42 org.springframework.boot.web.servlet.context.ServletWebServerApplicationContext Root WebApplicationContext: initialization completed in 3140 ms
INFO 2025-07-15 11:29:42 com.zaxxer.hikari.HikariDataSource HikariPool-1 - Starting...
INFO 2025-07-15 11:29:43 com.zaxxer.hikari.pool.HikariPool HikariPool-1 - Added connection org.postgresql.jdbc.PgConnection@1187dc82
INFO 2025-07-15 11:29:43 com.zaxxer.hikari.HikariDataSource HikariPool-1 - Start completed.
INFO 2025-07-15 11:29:43 org.flywaydb.core.FlywayExecutor Database: jdbc:postgresql://localhost:5432/studentmanaging (PostgreSQL 16.2)
INFO 2025-07-15 11:29:43 org.flywaydb.core.internal.command.DbValidate Successfully validated 11 migrations (execution time 00:00.060s)
INFO 2025-07-15 11:29:43 org.flywaydb.core.internal.command.DbMigrate Current version of schema "public": 11
WARN 2025-07-15 11:29:43 org.flywaydb.core.internal.command.DbMigrate outOfOrder mode is active. Migration of schema "public" may not be reproducible.
INFO 2025-07-15 11:29:43 org.flywaydb.core.internal.command.DbMigrate Schema "public" is up to date. No migration necessary.
INFO 2025-07-15 11:29:43 org.hibernate.jpa.internal.util.LogHelper HHH000204: Processing PersistenceUnitInfo [name: default]
INFO 2025-07-15 11:29:43 org.hibernate.Version HHH000412: Hibernate ORM core version 6.6.15.Final
INFO 2025-07-15 11:29:43 org.hibernate.cache.internal.RegionFactoryInitiator HHH000026: Second-level cache disabled
INFO 2025-07-15 11:29:44 org.springframework.orm.jpa.persistenceunit.SpringPersistenceUnitInfo No LoadTimeWeaver setup: ignoring JPA class transformer
INFO 2025-07-15 11:29:44 org.hibernate.orm.connections.pooling HHH10001005: Database info:
	Database JDBC URL [Connecting through datasource 'HikariDataSource (HikariPool-1)']
	Database driver: undefined/unknown
	Database version: 16.2
	Autocommit mode: undefined/unknown
	Isolation level: undefined/unknown
	Minimum pool size: undefined/unknown
	Maximum pool size: undefined/unknown
INFO 2025-07-15 11:29:45 org.hibernate.metamodel.internal.EntityInstantiatorPojoStandard HHH000182: No default (no-argument) constructor for class: com.students.studmanagement.entity.ScheduleTopThreeStandard (class must be instantiated by Interceptor)
INFO 2025-07-15 11:29:46 org.hibernate.engine.transaction.jta.platform.internal.JtaPlatformInitiator HHH000489: No JTA platform available (set 'hibernate.transaction.jta.platform' to enable JTA platform integration)
INFO 2025-07-15 11:29:46 org.springframework.orm.jpa.LocalContainerEntityManagerFactoryBean Initialized JPA EntityManagerFactory for persistence unit 'default'
INFO 2025-07-15 11:29:47 org.springframework.security.config.annotation.authentication.configuration.InitializeAuthenticationProviderBeanManagerConfigurer$InitializeAuthenticationProviderManagerConfigurer Global AuthenticationManager configured with AuthenticationProvider bean with name authenticationProvider
WARN 2025-07-15 11:29:47 org.springframework.security.config.annotation.authentication.configuration.InitializeUserDetailsBeanManagerConfigurer$InitializeUserDetailsManagerConfigurer Global AuthenticationManager configured with an AuthenticationProvider bean. UserDetailsService beans will not be used by Spring Security for automatically configuring username/password login. Consider removing the AuthenticationProvider bean. Alternatively, consider using the UserDetailsService in a manually instantiated DaoAuthenticationProvider. If the current configuration is intentional, to turn off this warning, increase the logging level of 'org.springframework.security.config.annotation.authentication.configuration.InitializeUserDetailsBeanManagerConfigurer' to ERROR
WARN 2025-07-15 11:29:47 org.springframework.boot.autoconfigure.orm.jpa.JpaBaseConfiguration$JpaWebConfiguration spring.jpa.open-in-view is enabled by default. Therefore, database queries may be performed during view rendering. Explicitly configure spring.jpa.open-in-view to disable this warning
INFO 2025-07-15 11:29:48 org.apache.coyote.http11.Http11NioProtocol Starting ProtocolHandler ["http-nio-8080"]
INFO 2025-07-15 11:29:48 org.springframework.boot.web.embedded.tomcat.TomcatWebServer Tomcat started on port 8080 (http) with context path '/'
INFO 2025-07-15 11:29:48 com.students.studmanagement.StudmanagementApplication Started StudmanagementApplication in 10.83 seconds (process running for 12.376)
INFO 2025-07-15 11:29:52 org.apache.catalina.core.ContainerBase.[Tomcat].[localhost].[/] Initializing Spring DispatcherServlet 'dispatcherServlet'
INFO 2025-07-15 11:29:52 org.springframework.web.servlet.DispatcherServlet Initializing Servlet 'dispatcherServlet'
INFO 2025-07-15 11:29:52 org.springframework.web.servlet.DispatcherServlet Completed initialization in 2 ms
INFO 2025-07-15 11:31:00 org.springframework.boot.web.embedded.tomcat.GracefulShutdown Commencing graceful shutdown. Waiting for active requests to complete
INFO 2025-07-15 11:31:00 org.springframework.boot.web.embedded.tomcat.GracefulShutdown Graceful shutdown complete
INFO 2025-07-15 11:31:00 org.springframework.orm.jpa.LocalContainerEntityManagerFactoryBean Closing JPA EntityManagerFactory for persistence unit 'default'
INFO 2025-07-15 11:31:00 com.zaxxer.hikari.HikariDataSource HikariPool-1 - Shutdown initiated...
INFO 2025-07-15 11:31:00 com.zaxxer.hikari.HikariDataSource HikariPool-1 - Shutdown completed.
