INFO 2025-07-15 15:39:23 com.studentmanagement.StudentmanagementApplication Starting StudmanagementApplication using Java 17.0.10 with PID 16368 (D:\Om_Daudia\studentmanagingsystem\target\classes started by dell in D:\Om_Daudia\studentmanagingsystem)
INFO 2025-07-15 15:39:23 com.studentmanagement.StudentmanagementApplication No active profile set, falling back to 1 default profile: "default"
INFO 2025-07-15 15:39:24 org.springframework.data.repository.config.RepositoryConfigurationDelegate Bootstrapping Spring Data JPA repositories in DEFAULT mode.
INFO 2025-07-15 15:39:24 org.springframework.data.repository.config.RepositoryConfigurationDelegate Finished Spring Data repository scanning in 87 ms. Found 7 JPA repository interfaces.
INFO 2025-07-15 15:39:25 org.springframework.cloud.context.scope.GenericScope BeanFactory id=f4ac7979-632c-38a1-b3cb-6d9db80ad103
INFO 2025-07-15 15:39:25 org.springframework.boot.web.embedded.tomcat.TomcatWebServer Tomcat initialized with port 8080 (http)
INFO 2025-07-15 15:39:25 org.apache.coyote.http11.Http11NioProtocol Initializing ProtocolHandler ["http-nio-8080"]
INFO 2025-07-15 15:39:25 org.apache.catalina.core.StandardService Starting service [Tomcat]
INFO 2025-07-15 15:39:25 org.apache.catalina.core.StandardEngine Starting Servlet engine: [Apache Tomcat/10.1.41]
INFO 2025-07-15 15:39:25 org.apache.catalina.core.ContainerBase.[Tomcat].[localhost].[/] Initializing Spring embedded WebApplicationContext
INFO 2025-07-15 15:39:25 org.springframework.boot.web.servlet.context.ServletWebServerApplicationContext Root WebApplicationContext: initialization completed in 2727 ms
INFO 2025-07-15 15:39:26 com.zaxxer.hikari.HikariDataSource HikariPool-1 - Starting...
INFO 2025-07-15 15:39:26 com.zaxxer.hikari.pool.HikariPool HikariPool-1 - Added connection org.postgresql.jdbc.PgConnection@37d0d373
INFO 2025-07-15 15:39:26 com.zaxxer.hikari.HikariDataSource HikariPool-1 - Start completed.
INFO 2025-07-15 15:39:26 org.flywaydb.core.FlywayExecutor Database: jdbc:postgresql://localhost:5432/studentmanaging (PostgreSQL 16.2)
INFO 2025-07-15 15:39:26 org.flywaydb.core.internal.command.DbValidate Successfully validated 11 migrations (execution time 00:00.064s)
INFO 2025-07-15 15:39:26 org.flywaydb.core.internal.command.DbMigrate Current version of schema "public": 11
WARN 2025-07-15 15:39:26 org.flywaydb.core.internal.command.DbMigrate outOfOrder mode is active. Migration of schema "public" may not be reproducible.
INFO 2025-07-15 15:39:26 org.flywaydb.core.internal.command.DbMigrate Schema "public" is up to date. No migration necessary.
INFO 2025-07-15 15:39:27 org.hibernate.jpa.internal.util.LogHelper HHH000204: Processing PersistenceUnitInfo [name: default]
INFO 2025-07-15 15:39:27 org.hibernate.Version HHH000412: Hibernate ORM core version 6.6.15.Final
INFO 2025-07-15 15:39:27 org.hibernate.cache.internal.RegionFactoryInitiator HHH000026: Second-level cache disabled
INFO 2025-07-15 15:39:27 org.springframework.orm.jpa.persistenceunit.SpringPersistenceUnitInfo No LoadTimeWeaver setup: ignoring JPA class transformer
INFO 2025-07-15 15:39:27 org.hibernate.orm.connections.pooling HHH10001005: Database info:
	Database JDBC URL [Connecting through datasource 'HikariDataSource (HikariPool-1)']
	Database driver: undefined/unknown
	Database version: 16.2
	Autocommit mode: undefined/unknown
	Isolation level: undefined/unknown
	Minimum pool size: undefined/unknown
	Maximum pool size: undefined/unknown
INFO 2025-07-15 15:39:29 org.hibernate.metamodel.internal.EntityInstantiatorPojoStandard HHH000182: No default (no-argument) constructor for class: entity.com.studentmanagement.ScheduleTopThreeStandard (class must be instantiated by Interceptor)
INFO 2025-07-15 15:39:29 org.hibernate.engine.transaction.jta.platform.internal.JtaPlatformInitiator HHH000489: No JTA platform available (set 'hibernate.transaction.jta.platform' to enable JTA platform integration)
INFO 2025-07-15 15:39:29 org.springframework.orm.jpa.LocalContainerEntityManagerFactoryBean Initialized JPA EntityManagerFactory for persistence unit 'default'
INFO 2025-07-15 15:39:30 org.springframework.security.config.annotation.authentication.configuration.InitializeAuthenticationProviderBeanManagerConfigurer$InitializeAuthenticationProviderManagerConfigurer Global AuthenticationManager configured with AuthenticationProvider bean with name authenticationProvider
WARN 2025-07-15 15:39:30 org.springframework.security.config.annotation.authentication.configuration.InitializeUserDetailsBeanManagerConfigurer$InitializeUserDetailsManagerConfigurer Global AuthenticationManager configured with an AuthenticationProvider bean. UserDetailsService beans will not be used by Spring Security for automatically configuring username/password login. Consider removing the AuthenticationProvider bean. Alternatively, consider using the UserDetailsService in a manually instantiated DaoAuthenticationProvider. If the current configuration is intentional, to turn off this warning, increase the logging level of 'org.springframework.security.config.annotation.authentication.configuration.InitializeUserDetailsBeanManagerConfigurer' to ERROR
WARN 2025-07-15 15:39:30 org.springframework.boot.autoconfigure.orm.jpa.JpaBaseConfiguration$JpaWebConfiguration spring.jpa.open-in-view is enabled by default. Therefore, database queries may be performed during view rendering. Explicitly configure spring.jpa.open-in-view to disable this warning
INFO 2025-07-15 15:39:31 org.apache.coyote.http11.Http11NioProtocol Starting ProtocolHandler ["http-nio-8080"]
INFO 2025-07-15 15:39:31 org.springframework.boot.web.embedded.tomcat.TomcatWebServer Tomcat started on port 8080 (http) with context path '/'
INFO 2025-07-15 15:39:31 com.studentmanagement.StudentmanagementApplication Started StudmanagementApplication in 9.592 seconds (process running for 10.731)
INFO 2025-07-15 15:39:33 org.apache.catalina.core.ContainerBase.[Tomcat].[localhost].[/] Initializing Spring DispatcherServlet 'dispatcherServlet'
INFO 2025-07-15 15:39:33 org.springframework.web.servlet.DispatcherServlet Initializing Servlet 'dispatcherServlet'
INFO 2025-07-15 15:39:33 org.springframework.web.servlet.DispatcherServlet Completed initialization in 1 ms
INFO 2025-07-15 15:39:45 org.springframework.boot.web.embedded.tomcat.GracefulShutdown Commencing graceful shutdown. Waiting for active requests to complete
INFO 2025-07-15 15:39:45 org.springframework.boot.web.embedded.tomcat.GracefulShutdown Graceful shutdown complete
INFO 2025-07-15 15:39:45 org.springframework.orm.jpa.LocalContainerEntityManagerFactoryBean Closing JPA EntityManagerFactory for persistence unit 'default'
INFO 2025-07-15 15:39:45 com.zaxxer.hikari.HikariDataSource HikariPool-1 - Shutdown initiated...
INFO 2025-07-15 15:39:45 com.zaxxer.hikari.HikariDataSource HikariPool-1 - Shutdown completed.
INFO 2025-07-15 15:39:52 com.studentmanagement.StudentmanagementApplication Starting StudmanagementApplication using Java 17.0.10 with PID 7220 (D:\Om_Daudia\studentmanagingsystem\target\classes started by dell in D:\Om_Daudia\studentmanagingsystem)
INFO 2025-07-15 15:39:52 com.studentmanagement.StudentmanagementApplication No active profile set, falling back to 1 default profile: "default"
INFO 2025-07-15 15:39:53 org.springframework.data.repository.config.RepositoryConfigurationDelegate Bootstrapping Spring Data JPA repositories in DEFAULT mode.
INFO 2025-07-15 15:39:53 org.springframework.data.repository.config.RepositoryConfigurationDelegate Finished Spring Data repository scanning in 85 ms. Found 7 JPA repository interfaces.
INFO 2025-07-15 15:39:54 org.springframework.cloud.context.scope.GenericScope BeanFactory id=f4ac7979-632c-38a1-b3cb-6d9db80ad103
INFO 2025-07-15 15:39:55 org.springframework.boot.web.embedded.tomcat.TomcatWebServer Tomcat initialized with port 8080 (http)
INFO 2025-07-15 15:39:55 org.apache.coyote.http11.Http11NioProtocol Initializing ProtocolHandler ["http-nio-8080"]
INFO 2025-07-15 15:39:55 org.apache.catalina.core.StandardService Starting service [Tomcat]
INFO 2025-07-15 15:39:55 org.apache.catalina.core.StandardEngine Starting Servlet engine: [Apache Tomcat/10.1.41]
INFO 2025-07-15 15:39:55 org.apache.catalina.core.ContainerBase.[Tomcat].[localhost].[/] Initializing Spring embedded WebApplicationContext
INFO 2025-07-15 15:39:55 org.springframework.boot.web.servlet.context.ServletWebServerApplicationContext Root WebApplicationContext: initialization completed in 3190 ms
INFO 2025-07-15 15:39:56 com.zaxxer.hikari.HikariDataSource HikariPool-1 - Starting...
INFO 2025-07-15 15:39:57 com.zaxxer.hikari.pool.HikariPool HikariPool-1 - Added connection org.postgresql.jdbc.PgConnection@5dfd31f4
INFO 2025-07-15 15:39:57 com.zaxxer.hikari.HikariDataSource HikariPool-1 - Start completed.
INFO 2025-07-15 15:39:57 org.flywaydb.core.FlywayExecutor Database: jdbc:postgresql://localhost:5432/studentmanaging (PostgreSQL 16.2)
INFO 2025-07-15 15:39:57 org.flywaydb.core.internal.command.DbValidate Successfully validated 11 migrations (execution time 00:00.068s)
INFO 2025-07-15 15:39:57 org.flywaydb.core.internal.command.DbMigrate Current version of schema "public": 11
WARN 2025-07-15 15:39:57 org.flywaydb.core.internal.command.DbMigrate outOfOrder mode is active. Migration of schema "public" may not be reproducible.
INFO 2025-07-15 15:39:57 org.flywaydb.core.internal.command.DbMigrate Schema "public" is up to date. No migration necessary.
INFO 2025-07-15 15:39:57 org.hibernate.jpa.internal.util.LogHelper HHH000204: Processing PersistenceUnitInfo [name: default]
INFO 2025-07-15 15:39:57 org.hibernate.Version HHH000412: Hibernate ORM core version 6.6.15.Final
INFO 2025-07-15 15:39:57 org.hibernate.cache.internal.RegionFactoryInitiator HHH000026: Second-level cache disabled
INFO 2025-07-15 15:39:58 org.springframework.orm.jpa.persistenceunit.SpringPersistenceUnitInfo No LoadTimeWeaver setup: ignoring JPA class transformer
INFO 2025-07-15 15:39:58 org.hibernate.orm.connections.pooling HHH10001005: Database info:
	Database JDBC URL [Connecting through datasource 'HikariDataSource (HikariPool-1)']
	Database driver: undefined/unknown
	Database version: 16.2
	Autocommit mode: undefined/unknown
	Isolation level: undefined/unknown
	Minimum pool size: undefined/unknown
	Maximum pool size: undefined/unknown
INFO 2025-07-15 15:40:00 org.hibernate.metamodel.internal.EntityInstantiatorPojoStandard HHH000182: No default (no-argument) constructor for class: entity.com.studentmanagement.ScheduleTopThreeStandard (class must be instantiated by Interceptor)
INFO 2025-07-15 15:40:00 org.hibernate.engine.transaction.jta.platform.internal.JtaPlatformInitiator HHH000489: No JTA platform available (set 'hibernate.transaction.jta.platform' to enable JTA platform integration)
INFO 2025-07-15 15:40:00 org.springframework.orm.jpa.LocalContainerEntityManagerFactoryBean Initialized JPA EntityManagerFactory for persistence unit 'default'
INFO 2025-07-15 15:40:02 org.springframework.security.config.annotation.authentication.configuration.InitializeAuthenticationProviderBeanManagerConfigurer$InitializeAuthenticationProviderManagerConfigurer Global AuthenticationManager configured with AuthenticationProvider bean with name authenticationProvider
WARN 2025-07-15 15:40:02 org.springframework.security.config.annotation.authentication.configuration.InitializeUserDetailsBeanManagerConfigurer$InitializeUserDetailsManagerConfigurer Global AuthenticationManager configured with an AuthenticationProvider bean. UserDetailsService beans will not be used by Spring Security for automatically configuring username/password login. Consider removing the AuthenticationProvider bean. Alternatively, consider using the UserDetailsService in a manually instantiated DaoAuthenticationProvider. If the current configuration is intentional, to turn off this warning, increase the logging level of 'org.springframework.security.config.annotation.authentication.configuration.InitializeUserDetailsBeanManagerConfigurer' to ERROR
WARN 2025-07-15 15:40:02 org.springframework.boot.autoconfigure.orm.jpa.JpaBaseConfiguration$JpaWebConfiguration spring.jpa.open-in-view is enabled by default. Therefore, database queries may be performed during view rendering. Explicitly configure spring.jpa.open-in-view to disable this warning
INFO 2025-07-15 15:40:04 org.apache.coyote.http11.Http11NioProtocol Starting ProtocolHandler ["http-nio-8080"]
INFO 2025-07-15 15:40:04 org.springframework.boot.web.embedded.tomcat.TomcatWebServer Tomcat started on port 8080 (http) with context path '/'
INFO 2025-07-15 15:40:04 com.studentmanagement.StudentmanagementApplication Started StudmanagementApplication in 12.588 seconds (process running for 13.758)
INFO 2025-07-15 15:40:05 org.apache.catalina.core.ContainerBase.[Tomcat].[localhost].[/] Initializing Spring DispatcherServlet 'dispatcherServlet'
INFO 2025-07-15 15:40:05 org.springframework.web.servlet.DispatcherServlet Initializing Servlet 'dispatcherServlet'
INFO 2025-07-15 15:40:05 org.springframework.web.servlet.DispatcherServlet Completed initialization in 2 ms
INFO 2025-07-15 15:40:10 org.springframework.boot.web.embedded.tomcat.GracefulShutdown Commencing graceful shutdown. Waiting for active requests to complete
INFO 2025-07-15 15:40:10 org.springframework.boot.web.embedded.tomcat.GracefulShutdown Graceful shutdown complete
INFO 2025-07-15 15:40:10 org.springframework.orm.jpa.LocalContainerEntityManagerFactoryBean Closing JPA EntityManagerFactory for persistence unit 'default'
INFO 2025-07-15 15:40:10 com.zaxxer.hikari.HikariDataSource HikariPool-1 - Shutdown initiated...
INFO 2025-07-15 15:40:10 com.zaxxer.hikari.HikariDataSource HikariPool-1 - Shutdown completed.
