INFO 2025-07-24 11:34:49 com.studentmanagement.StudentmanagementApplication Starting StudentmanagementApplication using Java 17.0.10 with PID 23392 (D:\Om_Daudia\studentmanagingsystem\target\classes started by dell in D:\Om_Daudia\studentmanagingsystem)
INFO 2025-07-24 11:34:49 com.studentmanagement.StudentmanagementApplication No active profile set, falling back to 1 default profile: "default"
INFO 2025-07-24 11:34:50 org.springframework.data.repository.config.RepositoryConfigurationDelegate Bootstrapping Spring Data JPA repositories in DEFAULT mode.
INFO 2025-07-24 11:34:51 org.springframework.data.repository.config.RepositoryConfigurationDelegate Finished Spring Data repository scanning in 127 ms. Found 7 JPA repository interfaces.
INFO 2025-07-24 11:34:51 org.springframework.cloud.context.scope.GenericScope BeanFactory id=c25b6ac6-aa81-3137-9048-437669948a8d
INFO 2025-07-24 11:34:53 org.springframework.boot.web.embedded.tomcat.TomcatWebServer Tomcat initialized with port 8080 (http)
INFO 2025-07-24 11:34:53 org.apache.coyote.http11.Http11NioProtocol Initializing ProtocolHandler ["http-nio-8080"]
INFO 2025-07-24 11:34:53 org.apache.catalina.core.StandardService Starting service [Tomcat]
INFO 2025-07-24 11:34:53 org.apache.catalina.core.StandardEngine Starting Servlet engine: [Apache Tomcat/10.1.41]
INFO 2025-07-24 11:34:54 org.apache.catalina.core.ContainerBase.[Tomcat].[localhost].[/] Initializing Spring embedded WebApplicationContext
INFO 2025-07-24 11:34:54 org.springframework.boot.web.servlet.context.ServletWebServerApplicationContext Root WebApplicationContext: initialization completed in 4494 ms
INFO 2025-07-24 11:34:54 com.zaxxer.hikari.HikariDataSource HikariPool-1 - Starting...
INFO 2025-07-24 11:34:55 com.zaxxer.hikari.pool.HikariPool HikariPool-1 - Added connection org.postgresql.jdbc.PgConnection@6fd1ea75
INFO 2025-07-24 11:34:55 com.zaxxer.hikari.HikariDataSource HikariPool-1 - Start completed.
INFO 2025-07-24 11:34:55 org.flywaydb.core.FlywayExecutor Database: jdbc:postgresql://localhost:5432/studentmanaging (PostgreSQL 16.2)
INFO 2025-07-24 11:34:55 org.flywaydb.core.internal.command.DbValidate Successfully validated 12 migrations (execution time 00:00.081s)
INFO 2025-07-24 11:34:55 org.flywaydb.core.internal.command.DbMigrate Current version of schema "public": 12
WARN 2025-07-24 11:34:55 org.flywaydb.core.internal.command.DbMigrate outOfOrder mode is active. Migration of schema "public" may not be reproducible.
INFO 2025-07-24 11:34:55 org.flywaydb.core.internal.command.DbMigrate Schema "public" is up to date. No migration necessary.
INFO 2025-07-24 11:34:55 org.hibernate.jpa.internal.util.LogHelper HHH000204: Processing PersistenceUnitInfo [name: default]
INFO 2025-07-24 11:34:55 org.hibernate.Version HHH000412: Hibernate ORM core version 6.6.15.Final
INFO 2025-07-24 11:34:55 org.hibernate.cache.internal.RegionFactoryInitiator HHH000026: Second-level cache disabled
INFO 2025-07-24 11:34:56 org.springframework.orm.jpa.persistenceunit.SpringPersistenceUnitInfo No LoadTimeWeaver setup: ignoring JPA class transformer
INFO 2025-07-24 11:34:56 org.hibernate.orm.connections.pooling HHH10001005: Database info:
	Database JDBC URL [Connecting through datasource 'HikariDataSource (HikariPool-1)']
	Database driver: undefined/unknown
	Database version: 16.2
	Autocommit mode: undefined/unknown
	Isolation level: undefined/unknown
	Minimum pool size: undefined/unknown
	Maximum pool size: undefined/unknown
INFO 2025-07-24 11:34:58 org.hibernate.metamodel.internal.EntityInstantiatorPojoStandard HHH000182: No default (no-argument) constructor for class: com.studentmanagement.entity.ScheduleTopThreeStandard (class must be instantiated by Interceptor)
INFO 2025-07-24 11:34:59 org.hibernate.engine.transaction.jta.platform.internal.JtaPlatformInitiator HHH000489: No JTA platform available (set 'hibernate.transaction.jta.platform' to enable JTA platform integration)
INFO 2025-07-24 11:34:59 org.springframework.orm.jpa.LocalContainerEntityManagerFactoryBean Initialized JPA EntityManagerFactory for persistence unit 'default'
WARN 2025-07-24 11:34:59 org.springframework.boot.web.servlet.context.AnnotationConfigServletWebServerApplicationContext Exception encountered during context initialization - cancelling refresh attempt: org.springframework.beans.factory.UnsatisfiedDependencyException: Error creating bean with name 'divisionController': Unsatisfied dependency expressed through field 'divisionService': Error creating bean with name 'divisionService': Unsatisfied dependency expressed through field 'standardService': Error creating bean with name 'standardService': Unsatisfied dependency expressed through field 'standardRepository': Error creating bean with name 'standardRepository' defined in com.studentmanagement.repository.StandardRepository defined in @EnableJpaRepositories declared on StudentmanagementApplication: Could not create query for public abstract java.util.List com.studentmanagement.repository.StandardRepository.findByDateOfBirthBetweenAndDivisionEntityStandardEntityStandard(java.util.Date,java.util.Date,int); Reason: Failed to create query for method public abstract java.util.List com.studentmanagement.repository.StandardRepository.findByDateOfBirthBetweenAndDivisionEntityStandardEntityStandard(java.util.Date,java.util.Date,int); No property 'dateOfBirth' found for type 'StandardEntity'
INFO 2025-07-24 11:34:59 org.springframework.orm.jpa.LocalContainerEntityManagerFactoryBean Closing JPA EntityManagerFactory for persistence unit 'default'
INFO 2025-07-24 11:34:59 com.zaxxer.hikari.HikariDataSource HikariPool-1 - Shutdown initiated...
INFO 2025-07-24 11:34:59 com.zaxxer.hikari.HikariDataSource HikariPool-1 - Shutdown completed.
INFO 2025-07-24 11:34:59 org.apache.catalina.core.StandardService Stopping service [Tomcat]
INFO 2025-07-24 11:34:59 org.springframework.boot.autoconfigure.logging.ConditionEvaluationReportLogger 

Error starting ApplicationContext. To display the condition evaluation report re-run your application with 'debug' enabled.
ERROR 2025-07-24 11:34:59 org.springframework.boot.SpringApplication Application run failed
org.springframework.beans.factory.UnsatisfiedDependencyException: Error creating bean with name 'divisionController': Unsatisfied dependency expressed through field 'divisionService': Error creating bean with name 'divisionService': Unsatisfied dependency expressed through field 'standardService': Error creating bean with name 'standardService': Unsatisfied dependency expressed through field 'standardRepository': Error creating bean with name 'standardRepository' defined in com.studentmanagement.repository.StandardRepository defined in @EnableJpaRepositories declared on StudentmanagementApplication: Could not create query for public abstract java.util.List com.studentmanagement.repository.StandardRepository.findByDateOfBirthBetweenAndDivisionEntityStandardEntityStandard(java.util.Date,java.util.Date,int); Reason: Failed to create query for method public abstract java.util.List com.studentmanagement.repository.StandardRepository.findByDateOfBirthBetweenAndDivisionEntityStandardEntityStandard(java.util.Date,java.util.Date,int); No property 'dateOfBirth' found for type 'StandardEntity'
	at org.springframework.beans.factory.annotation.AutowiredAnnotationBeanPostProcessor$AutowiredFieldElement.resolveFieldValue(AutowiredAnnotationBeanPostProcessor.java:788)
	at org.springframework.beans.factory.annotation.AutowiredAnnotationBeanPostProcessor$AutowiredFieldElement.inject(AutowiredAnnotationBeanPostProcessor.java:768)
	at org.springframework.beans.factory.annotation.InjectionMetadata.inject(InjectionMetadata.java:146)
	at org.springframework.beans.factory.annotation.AutowiredAnnotationBeanPostProcessor.postProcessProperties(AutowiredAnnotationBeanPostProcessor.java:509)
	at org.springframework.beans.factory.support.AbstractAutowireCapableBeanFactory.populateBean(AbstractAutowireCapableBeanFactory.java:1459)
	at org.springframework.beans.factory.support.AbstractAutowireCapableBeanFactory.doCreateBean(AbstractAutowireCapableBeanFactory.java:606)
	at org.springframework.beans.factory.support.AbstractAutowireCapableBeanFactory.createBean(AbstractAutowireCapableBeanFactory.java:529)
	at org.springframework.beans.factory.support.AbstractBeanFactory.lambda$doGetBean$0(AbstractBeanFactory.java:339)
	at org.springframework.beans.factory.support.DefaultSingletonBeanRegistry.getSingleton(DefaultSingletonBeanRegistry.java:373)
	at org.springframework.beans.factory.support.AbstractBeanFactory.doGetBean(AbstractBeanFactory.java:337)
	at org.springframework.beans.factory.support.AbstractBeanFactory.getBean(AbstractBeanFactory.java:202)
	at org.springframework.beans.factory.support.DefaultListableBeanFactory.instantiateSingleton(DefaultListableBeanFactory.java:1222)
	at org.springframework.beans.factory.support.DefaultListableBeanFactory.preInstantiateSingleton(DefaultListableBeanFactory.java:1188)
	at org.springframework.beans.factory.support.DefaultListableBeanFactory.preInstantiateSingletons(DefaultListableBeanFactory.java:1123)
	at org.springframework.context.support.AbstractApplicationContext.finishBeanFactoryInitialization(AbstractApplicationContext.java:987)
	at org.springframework.context.support.AbstractApplicationContext.refresh(AbstractApplicationContext.java:627)
	at org.springframework.boot.web.servlet.context.ServletWebServerApplicationContext.refresh(ServletWebServerApplicationContext.java:146)
	at org.springframework.boot.SpringApplication.refresh(SpringApplication.java:753)
	at org.springframework.boot.SpringApplication.refreshContext(SpringApplication.java:439)
	at org.springframework.boot.SpringApplication.run(SpringApplication.java:318)
	at org.springframework.boot.SpringApplication.run(SpringApplication.java:1362)
	at org.springframework.boot.SpringApplication.run(SpringApplication.java:1351)
	at com.studentmanagement.StudentmanagementApplication.main(StudentmanagementApplication.java:17)
Caused by: org.springframework.beans.factory.UnsatisfiedDependencyException: Error creating bean with name 'divisionService': Unsatisfied dependency expressed through field 'standardService': Error creating bean with name 'standardService': Unsatisfied dependency expressed through field 'standardRepository': Error creating bean with name 'standardRepository' defined in com.studentmanagement.repository.StandardRepository defined in @EnableJpaRepositories declared on StudentmanagementApplication: Could not create query for public abstract java.util.List com.studentmanagement.repository.StandardRepository.findByDateOfBirthBetweenAndDivisionEntityStandardEntityStandard(java.util.Date,java.util.Date,int); Reason: Failed to create query for method public abstract java.util.List com.studentmanagement.repository.StandardRepository.findByDateOfBirthBetweenAndDivisionEntityStandardEntityStandard(java.util.Date,java.util.Date,int); No property 'dateOfBirth' found for type 'StandardEntity'
	at org.springframework.beans.factory.annotation.AutowiredAnnotationBeanPostProcessor$AutowiredFieldElement.resolveFieldValue(AutowiredAnnotationBeanPostProcessor.java:788)
	at org.springframework.beans.factory.annotation.AutowiredAnnotationBeanPostProcessor$AutowiredFieldElement.inject(AutowiredAnnotationBeanPostProcessor.java:768)
	at org.springframework.beans.factory.annotation.InjectionMetadata.inject(InjectionMetadata.java:146)
	at org.springframework.beans.factory.annotation.AutowiredAnnotationBeanPostProcessor.postProcessProperties(AutowiredAnnotationBeanPostProcessor.java:509)
	at org.springframework.beans.factory.support.AbstractAutowireCapableBeanFactory.populateBean(AbstractAutowireCapableBeanFactory.java:1459)
	at org.springframework.beans.factory.support.AbstractAutowireCapableBeanFactory.doCreateBean(AbstractAutowireCapableBeanFactory.java:606)
	at org.springframework.beans.factory.support.AbstractAutowireCapableBeanFactory.createBean(AbstractAutowireCapableBeanFactory.java:529)
	at org.springframework.beans.factory.support.AbstractBeanFactory.lambda$doGetBean$0(AbstractBeanFactory.java:339)
	at org.springframework.beans.factory.support.DefaultSingletonBeanRegistry.getSingleton(DefaultSingletonBeanRegistry.java:373)
	at org.springframework.beans.factory.support.AbstractBeanFactory.doGetBean(AbstractBeanFactory.java:337)
	at org.springframework.beans.factory.support.AbstractBeanFactory.getBean(AbstractBeanFactory.java:202)
	at org.springframework.beans.factory.support.DefaultListableBeanFactory.doResolveDependency(DefaultListableBeanFactory.java:1682)
	at org.springframework.beans.factory.support.DefaultListableBeanFactory.resolveDependency(DefaultListableBeanFactory.java:1628)
	at org.springframework.beans.factory.annotation.AutowiredAnnotationBeanPostProcessor$AutowiredFieldElement.resolveFieldValue(AutowiredAnnotationBeanPostProcessor.java:785)
	... 22 common frames omitted
Caused by: org.springframework.beans.factory.UnsatisfiedDependencyException: Error creating bean with name 'standardService': Unsatisfied dependency expressed through field 'standardRepository': Error creating bean with name 'standardRepository' defined in com.studentmanagement.repository.StandardRepository defined in @EnableJpaRepositories declared on StudentmanagementApplication: Could not create query for public abstract java.util.List com.studentmanagement.repository.StandardRepository.findByDateOfBirthBetweenAndDivisionEntityStandardEntityStandard(java.util.Date,java.util.Date,int); Reason: Failed to create query for method public abstract java.util.List com.studentmanagement.repository.StandardRepository.findByDateOfBirthBetweenAndDivisionEntityStandardEntityStandard(java.util.Date,java.util.Date,int); No property 'dateOfBirth' found for type 'StandardEntity'
	at org.springframework.beans.factory.annotation.AutowiredAnnotationBeanPostProcessor$AutowiredFieldElement.resolveFieldValue(AutowiredAnnotationBeanPostProcessor.java:788)
	at org.springframework.beans.factory.annotation.AutowiredAnnotationBeanPostProcessor$AutowiredFieldElement.inject(AutowiredAnnotationBeanPostProcessor.java:768)
	at org.springframework.beans.factory.annotation.InjectionMetadata.inject(InjectionMetadata.java:146)
	at org.springframework.beans.factory.annotation.AutowiredAnnotationBeanPostProcessor.postProcessProperties(AutowiredAnnotationBeanPostProcessor.java:509)
	at org.springframework.beans.factory.support.AbstractAutowireCapableBeanFactory.populateBean(AbstractAutowireCapableBeanFactory.java:1459)
	at org.springframework.beans.factory.support.AbstractAutowireCapableBeanFactory.doCreateBean(AbstractAutowireCapableBeanFactory.java:606)
	at org.springframework.beans.factory.support.AbstractAutowireCapableBeanFactory.createBean(AbstractAutowireCapableBeanFactory.java:529)
	at org.springframework.beans.factory.support.AbstractBeanFactory.lambda$doGetBean$0(AbstractBeanFactory.java:339)
	at org.springframework.beans.factory.support.DefaultSingletonBeanRegistry.getSingleton(DefaultSingletonBeanRegistry.java:373)
	at org.springframework.beans.factory.support.AbstractBeanFactory.doGetBean(AbstractBeanFactory.java:337)
	at org.springframework.beans.factory.support.AbstractBeanFactory.getBean(AbstractBeanFactory.java:202)
	at org.springframework.beans.factory.support.DefaultListableBeanFactory.doResolveDependency(DefaultListableBeanFactory.java:1682)
	at org.springframework.beans.factory.support.DefaultListableBeanFactory.resolveDependency(DefaultListableBeanFactory.java:1628)
	at org.springframework.beans.factory.annotation.AutowiredAnnotationBeanPostProcessor$AutowiredFieldElement.resolveFieldValue(AutowiredAnnotationBeanPostProcessor.java:785)
	... 35 common frames omitted
Caused by: org.springframework.beans.factory.BeanCreationException: Error creating bean with name 'standardRepository' defined in com.studentmanagement.repository.StandardRepository defined in @EnableJpaRepositories declared on StudentmanagementApplication: Could not create query for public abstract java.util.List com.studentmanagement.repository.StandardRepository.findByDateOfBirthBetweenAndDivisionEntityStandardEntityStandard(java.util.Date,java.util.Date,int); Reason: Failed to create query for method public abstract java.util.List com.studentmanagement.repository.StandardRepository.findByDateOfBirthBetweenAndDivisionEntityStandardEntityStandard(java.util.Date,java.util.Date,int); No property 'dateOfBirth' found for type 'StandardEntity'
	at org.springframework.beans.factory.support.AbstractAutowireCapableBeanFactory.initializeBean(AbstractAutowireCapableBeanFactory.java:1826)
	at org.springframework.beans.factory.support.AbstractAutowireCapableBeanFactory.doCreateBean(AbstractAutowireCapableBeanFactory.java:607)
	at org.springframework.beans.factory.support.AbstractAutowireCapableBeanFactory.createBean(AbstractAutowireCapableBeanFactory.java:529)
	at org.springframework.beans.factory.support.AbstractBeanFactory.lambda$doGetBean$0(AbstractBeanFactory.java:339)
	at org.springframework.beans.factory.support.DefaultSingletonBeanRegistry.getSingleton(DefaultSingletonBeanRegistry.java:373)
	at org.springframework.beans.factory.support.AbstractBeanFactory.doGetBean(AbstractBeanFactory.java:337)
	at org.springframework.beans.factory.support.AbstractBeanFactory.getBean(AbstractBeanFactory.java:202)
	at org.springframework.beans.factory.support.DefaultListableBeanFactory.doResolveDependency(DefaultListableBeanFactory.java:1682)
	at org.springframework.beans.factory.support.DefaultListableBeanFactory.resolveDependency(DefaultListableBeanFactory.java:1628)
	at org.springframework.beans.factory.annotation.AutowiredAnnotationBeanPostProcessor$AutowiredFieldElement.resolveFieldValue(AutowiredAnnotationBeanPostProcessor.java:785)
	... 48 common frames omitted
Caused by: org.springframework.data.repository.query.QueryCreationException: Could not create query for public abstract java.util.List com.studentmanagement.repository.StandardRepository.findByDateOfBirthBetweenAndDivisionEntityStandardEntityStandard(java.util.Date,java.util.Date,int); Reason: Failed to create query for method public abstract java.util.List com.studentmanagement.repository.StandardRepository.findByDateOfBirthBetweenAndDivisionEntityStandardEntityStandard(java.util.Date,java.util.Date,int); No property 'dateOfBirth' found for type 'StandardEntity'
	at org.springframework.data.repository.query.QueryCreationException.create(QueryCreationException.java:101)
	at org.springframework.data.repository.core.support.QueryExecutorMethodInterceptor.lookupQuery(QueryExecutorMethodInterceptor.java:120)
	at org.springframework.data.repository.core.support.QueryExecutorMethodInterceptor.mapMethodsToQuery(QueryExecutorMethodInterceptor.java:104)
	at org.springframework.data.repository.core.support.QueryExecutorMethodInterceptor.lambda$new$0(QueryExecutorMethodInterceptor.java:92)
	at java.base/java.util.Optional.map(Optional.java:260)
	at org.springframework.data.repository.core.support.QueryExecutorMethodInterceptor.<init>(QueryExecutorMethodInterceptor.java:92)
	at org.springframework.data.repository.core.support.RepositoryFactorySupport.getRepository(RepositoryFactorySupport.java:434)
	at org.springframework.data.repository.core.support.RepositoryFactoryBeanSupport.lambda$afterPropertiesSet$4(RepositoryFactoryBeanSupport.java:350)
	at org.springframework.data.util.Lazy.getNullable(Lazy.java:135)
	at org.springframework.data.util.Lazy.get(Lazy.java:113)
	at org.springframework.data.repository.core.support.RepositoryFactoryBeanSupport.afterPropertiesSet(RepositoryFactoryBeanSupport.java:356)
	at org.springframework.data.jpa.repository.support.JpaRepositoryFactoryBean.afterPropertiesSet(JpaRepositoryFactoryBean.java:132)
	at org.springframework.beans.factory.support.AbstractAutowireCapableBeanFactory.invokeInitMethods(AbstractAutowireCapableBeanFactory.java:1873)
	at org.springframework.beans.factory.support.AbstractAutowireCapableBeanFactory.initializeBean(AbstractAutowireCapableBeanFactory.java:1822)
	... 57 common frames omitted
Caused by: java.lang.IllegalArgumentException: Failed to create query for method public abstract java.util.List com.studentmanagement.repository.StandardRepository.findByDateOfBirthBetweenAndDivisionEntityStandardEntityStandard(java.util.Date,java.util.Date,int); No property 'dateOfBirth' found for type 'StandardEntity'
	at org.springframework.data.jpa.repository.query.PartTreeJpaQuery.<init>(PartTreeJpaQuery.java:107)
	at org.springframework.data.jpa.repository.query.JpaQueryLookupStrategy$CreateQueryLookupStrategy.resolveQuery(JpaQueryLookupStrategy.java:128)
	at org.springframework.data.jpa.repository.query.JpaQueryLookupStrategy$CreateIfNotFoundQueryLookupStrategy.resolveQuery(JpaQueryLookupStrategy.java:260)
	at org.springframework.data.jpa.repository.query.JpaQueryLookupStrategy$AbstractQueryLookupStrategy.resolveQuery(JpaQueryLookupStrategy.java:99)
	at org.springframework.data.repository.core.support.QueryExecutorMethodInterceptor.lookupQuery(QueryExecutorMethodInterceptor.java:116)
	... 69 common frames omitted
Caused by: org.springframework.data.mapping.PropertyReferenceException: No property 'dateOfBirth' found for type 'StandardEntity'
	at org.springframework.data.mapping.PropertyPath.<init>(PropertyPath.java:94)
	at org.springframework.data.mapping.PropertyPath.create(PropertyPath.java:455)
	at org.springframework.data.mapping.PropertyPath.create(PropertyPath.java:431)
	at org.springframework.data.mapping.PropertyPath.lambda$from$0(PropertyPath.java:384)
	at java.base/java.util.concurrent.ConcurrentMap.computeIfAbsent(ConcurrentMap.java:330)
	at org.springframework.data.mapping.PropertyPath.from(PropertyPath.java:366)
	at org.springframework.data.mapping.PropertyPath.from(PropertyPath.java:344)
	at org.springframework.data.repository.query.parser.Part.<init>(Part.java:81)
	at org.springframework.data.repository.query.parser.PartTree$OrPart.lambda$new$0(PartTree.java:259)
	at java.base/java.util.stream.ReferencePipeline$3$1.accept(ReferencePipeline.java:197)
	at java.base/java.util.stream.ReferencePipeline$2$1.accept(ReferencePipeline.java:179)
	at java.base/java.util.Spliterators$ArraySpliterator.forEachRemaining(Spliterators.java:992)
	at java.base/java.util.stream.AbstractPipeline.copyInto(AbstractPipeline.java:509)
	at java.base/java.util.stream.AbstractPipeline.wrapAndCopyInto(AbstractPipeline.java:499)
	at java.base/java.util.stream.ReduceOps$ReduceOp.evaluateSequential(ReduceOps.java:921)
	at java.base/java.util.stream.AbstractPipeline.evaluate(AbstractPipeline.java:234)
	at java.base/java.util.stream.ReferencePipeline.collect(ReferencePipeline.java:682)
	at org.springframework.data.repository.query.parser.PartTree$OrPart.<init>(PartTree.java:260)
	at org.springframework.data.repository.query.parser.PartTree$Predicate.lambda$new$0(PartTree.java:389)
	at java.base/java.util.stream.ReferencePipeline$3$1.accept(ReferencePipeline.java:197)
	at java.base/java.util.stream.ReferencePipeline$2$1.accept(ReferencePipeline.java:179)
	at java.base/java.util.Spliterators$ArraySpliterator.forEachRemaining(Spliterators.java:992)
	at java.base/java.util.stream.AbstractPipeline.copyInto(AbstractPipeline.java:509)
	at java.base/java.util.stream.AbstractPipeline.wrapAndCopyInto(AbstractPipeline.java:499)
	at java.base/java.util.stream.ReduceOps$ReduceOp.evaluateSequential(ReduceOps.java:921)
	at java.base/java.util.stream.AbstractPipeline.evaluate(AbstractPipeline.java:234)
	at java.base/java.util.stream.ReferencePipeline.collect(ReferencePipeline.java:682)
	at org.springframework.data.repository.query.parser.PartTree$Predicate.<init>(PartTree.java:390)
	at org.springframework.data.repository.query.parser.PartTree.<init>(PartTree.java:103)
	at org.springframework.data.jpa.repository.query.PartTreeJpaQuery.<init>(PartTreeJpaQuery.java:101)
	... 73 common frames omitted
